<?xml version="1.0" encoding="UTF-8"?>
<!-- Generated by org.testng.reporters.JUnitReportReporter -->
<testsuite hostname="D7F8G6D3" failures="0" tests="1" name="pom.testCases.TC_LoginTest_001" time="8.916" errors="0" timestamp="2024-06-29T22:38:09 IST" skipped="0">
  <testcase classname="pom.testCases.TC_LoginTest_001" name="loginTest" time="8.916"/>
  <system-out/>
</testsuite> <!-- pom.testCases.TC_LoginTest_001 -->
