<?xml version="1.0" encoding="UTF-8"?>
<!-- Generated by org.testng.reporters.JUnitReportReporter -->
<testsuite hostname="D7F8G6D3" failures="0" tests="1" name="pom.testCases.TC_LoginTest_001" time="3.140" errors="0" timestamp="2024-06-27T23:20:11 IST" skipped="0">
  <testcase classname="pom.testCases.TC_LoginTest_001" name="loginTest" time="3.140"/>
  <system-out/>
</testsuite> <!-- pom.testCases.TC_LoginTest_001 -->
