<?xml version="1.0" encoding="UTF-8"?>
<!-- Generated by org.testng.reporters.JUnitReportReporter -->
<testsuite hostname="D7F8G6D3" failures="0" tests="1" name="pom.E2E.Myntra" time="28.108" errors="0" timestamp="2024-06-27T14:46:41 IST" skipped="0">
  <testcase classname="pom.E2E.Myntra" name="myntrasearch" time="28.108"/>
  <system-out/>
</testsuite> <!-- pom.E2E.Myntra -->
